16-Jul-16 22:22:32 DESKTOP-C3SC9AR INFO [slf4j-timbre.adapter] - >> starting..  *db*
16-Jul-16 22:22:33 DESKTOP-C3SC9AR DEBUG [slf4j-timbre.adapter] -  HikariPool-0 - configuration:
16-Jul-16 22:22:33 DESKTOP-C3SC9AR DEBUG [slf4j-timbre.adapter] - allowPoolSuspension.............false
16-Jul-16 22:22:33 DESKTOP-C3SC9AR DEBUG [slf4j-timbre.adapter] - autoCommit......................true
16-Jul-16 22:22:33 DESKTOP-C3SC9AR DEBUG [slf4j-timbre.adapter] - catalog.........................
16-Jul-16 22:22:33 DESKTOP-C3SC9AR DEBUG [slf4j-timbre.adapter] - connectionInitSql...............
16-Jul-16 22:22:33 DESKTOP-C3SC9AR DEBUG [slf4j-timbre.adapter] - connectionTestQuery.............
16-Jul-16 22:22:33 DESKTOP-C3SC9AR DEBUG [slf4j-timbre.adapter] - connectionTimeout...............30000
16-Jul-16 22:22:33 DESKTOP-C3SC9AR DEBUG [slf4j-timbre.adapter] - dataSource......................
16-Jul-16 22:22:33 DESKTOP-C3SC9AR DEBUG [slf4j-timbre.adapter] - dataSourceClassName.............
16-Jul-16 22:22:33 DESKTOP-C3SC9AR DEBUG [slf4j-timbre.adapter] - dataSourceJNDI..................
16-Jul-16 22:22:33 DESKTOP-C3SC9AR DEBUG [slf4j-timbre.adapter] - dataSourceProperties............{password=<masked>}
16-Jul-16 22:22:33 DESKTOP-C3SC9AR DEBUG [slf4j-timbre.adapter] - driverClassName.................
16-Jul-16 22:22:33 DESKTOP-C3SC9AR DEBUG [slf4j-timbre.adapter] - healthCheckProperties...........{}
16-Jul-16 22:22:33 DESKTOP-C3SC9AR DEBUG [slf4j-timbre.adapter] - healthCheckRegistry.............
16-Jul-16 22:22:33 DESKTOP-C3SC9AR DEBUG [slf4j-timbre.adapter] - idleTimeout.....................600000
16-Jul-16 22:22:33 DESKTOP-C3SC9AR DEBUG [slf4j-timbre.adapter] - initializationFailFast..........true
16-Jul-16 22:22:33 DESKTOP-C3SC9AR DEBUG [slf4j-timbre.adapter] - isolateInternalQueries..........false
16-Jul-16 22:22:33 DESKTOP-C3SC9AR DEBUG [slf4j-timbre.adapter] - jdbc4ConnectionTest.............false
16-Jul-16 22:22:33 DESKTOP-C3SC9AR DEBUG [slf4j-timbre.adapter] - jdbcUrl.........................jdbc:postgresql://23.105.221.76/blog?user=postgres&password=root
16-Jul-16 22:22:33 DESKTOP-C3SC9AR DEBUG [slf4j-timbre.adapter] - leakDetectionThreshold..........0
16-Jul-16 22:22:33 DESKTOP-C3SC9AR DEBUG [slf4j-timbre.adapter] - maxLifetime.....................1800000
16-Jul-16 22:22:33 DESKTOP-C3SC9AR DEBUG [slf4j-timbre.adapter] - maximumPoolSize.................10
16-Jul-16 22:22:33 DESKTOP-C3SC9AR DEBUG [slf4j-timbre.adapter] - metricRegistry..................
16-Jul-16 22:22:33 DESKTOP-C3SC9AR DEBUG [slf4j-timbre.adapter] - metricsTrackerFactory...........
16-Jul-16 22:22:33 DESKTOP-C3SC9AR DEBUG [slf4j-timbre.adapter] - minimumIdle.....................1
16-Jul-16 22:22:33 DESKTOP-C3SC9AR DEBUG [slf4j-timbre.adapter] - password........................<masked>
16-Jul-16 22:22:33 DESKTOP-C3SC9AR DEBUG [slf4j-timbre.adapter] - poolName........................HikariPool-0
16-Jul-16 22:22:33 DESKTOP-C3SC9AR DEBUG [slf4j-timbre.adapter] - readOnly........................false
16-Jul-16 22:22:33 DESKTOP-C3SC9AR DEBUG [slf4j-timbre.adapter] - registerMbeans..................false
16-Jul-16 22:22:33 DESKTOP-C3SC9AR DEBUG [slf4j-timbre.adapter] - scheduledExecutorService........
16-Jul-16 22:22:33 DESKTOP-C3SC9AR DEBUG [slf4j-timbre.adapter] - threadFactory...................
16-Jul-16 22:22:33 DESKTOP-C3SC9AR DEBUG [slf4j-timbre.adapter] - transactionIsolation............
16-Jul-16 22:22:33 DESKTOP-C3SC9AR DEBUG [slf4j-timbre.adapter] - username........................
16-Jul-16 22:22:33 DESKTOP-C3SC9AR DEBUG [slf4j-timbre.adapter] - validationTimeout...............5000
16-Jul-16 22:22:33 DESKTOP-C3SC9AR INFO [slf4j-timbre.adapter] -  HikariPool-0 - is starting.
16-Jul-16 22:22:34 DESKTOP-C3SC9AR DEBUG [slf4j-timbre.adapter] -  HikariPool-0 - Connection.setNetworkTimeout() is not supported (这个 org.postgresql.jdbc4.Jdbc4Connection.getNetworkTimeout() 方法尚未被实作。)
16-Jul-16 22:22:34 DESKTOP-C3SC9AR DEBUG [slf4j-timbre.adapter] -  HikariPool-0 - Added connection org.postgresql.jdbc4.Jdbc4Connection@e807576
16-Jul-16 22:22:34 DESKTOP-C3SC9AR INFO [blog.config] - 
-=[blog started successfully using the development profile]=-
16-Jul-16 22:22:34 DESKTOP-C3SC9AR INFO [slf4j-timbre.adapter] -  Registered web context /
16-Jul-16 22:22:35 DESKTOP-C3SC9AR INFO [blog.core] - server started on port: 3000
16-Jul-16 22:23:03 DESKTOP-C3SC9AR DEBUG [slf4j-timbre.adapter] -  Before cleanup	pool HikariPool-0 stats (total=1, active=0, idle=1, waiting=0)
16-Jul-16 22:23:03 DESKTOP-C3SC9AR DEBUG [slf4j-timbre.adapter] -  After cleanup	pool HikariPool-0 stats (total=1, active=0, idle=1, waiting=0)
